-------------------------------------------------------------------------------
Test set: rest.LoginEndpointTest
-------------------------------------------------------------------------------
Tests run: 1, Failures: 0, Errors: 1, Skipped: 0, Time elapsed: 5.15 s <<< FAILURE! - in rest.LoginEndpointTest
rest.LoginEndpointTest  Time elapsed: 5.15 s  <<< ERROR!
javax.persistence.PersistenceException: 
Exception [EclipseLink-4002] (Eclipse Persistence Services - 2.5.2.v20140319-9ad6abd): org.eclipse.persistence.exceptions.DatabaseException
Internal Exception: com.mysql.cj.jdbc.exceptions.CommunicationsException: Communications link failure

The last packet sent successfully to the server was 0 milliseconds ago. The driver has not received any packets from the server.
Error Code: 0
	at rest.LoginEndpointTest.setUpClass(LoginEndpointTest.java:46)
Caused by: org.eclipse.persistence.exceptions.DatabaseException: 

Internal Exception: com.mysql.cj.jdbc.exceptions.CommunicationsException: Communications link failure

The last packet sent successfully to the server was 0 milliseconds ago. The driver has not received any packets from the server.
Error Code: 0
	at rest.LoginEndpointTest.setUpClass(LoginEndpointTest.java:46)
Caused by: com.mysql.cj.jdbc.exceptions.CommunicationsException: 
Communications link failure

The last packet sent successfully to the server was 0 milliseconds ago. The driver has not received any packets from the server.
	at rest.LoginEndpointTest.setUpClass(LoginEndpointTest.java:46)
Caused by: com.mysql.cj.exceptions.CJCommunicationsException: 
Communications link failure

The last packet sent successfully to the server was 0 milliseconds ago. The driver has not received any packets from the server.
	at rest.LoginEndpointTest.setUpClass(LoginEndpointTest.java:46)
Caused by: java.net.ConnectException: Connection refused: connect
	at rest.LoginEndpointTest.setUpClass(LoginEndpointTest.java:46)

